<?xml version="1.0" encoding="UTF-8"?>
<!-- Generated by org.testng.reporters.JUnitReportReporter -->
<testsuite hostname="LAPTOP-1017J42I" failures="0" tests="2" name="com.test.FirstTest" time="15.528" errors="0" timestamp="2024-01-12T13:05:09 IST" skipped="0">
  <testcase classname="com.test.FirstTest" name="TestFacebook" time="6.381"/>
  <testcase classname="com.test.FirstTest" name="TestGFoogle" time="9.147"/>
</testsuite> <!-- com.test.FirstTest -->
